<?xml version="1.0" encoding="UTF-8"?>
<testng-results ignored="0" total="4" passed="4" failed="0" skipped="0">
  <reporter-output>
  </reporter-output>
  <suite started-at="2026-02-17T16:34:58 IST" name="Default suite" finished-at="2026-02-17T16:35:46 IST" duration-ms="47307">
    <groups>
    </groups>
    <test started-at="2026-02-17T16:34:58 IST" name="Default test" finished-at="2026-02-17T16:35:46 IST" duration-ms="47307">
      <class name="test.TestNG_3_MultiCred">
        <test-method signature="loginTest(java.lang.String,java.lang.String)[pri:0, instance:test.TestNG_3_MultiCred@702657cc]" started-at="2026-02-17T16:34:58 IST" name="loginTest" data-provider="loginData" finished-at="2026-02-17T16:35:07 IST" duration-ms="8368" status="PASS">
          <params>
            <param index="0">
              <value>
                <![CDATA[user1]]>
              </value>
            </param>
            <param index="1">
              <value>
                <![CDATA[pass1]]>
              </value>
            </param>
          </params>
          <reporter-output>
          </reporter-output>
        </test-method> <!-- loginTest -->
        <test-method signature="loginTest(java.lang.String,java.lang.String)[pri:0, instance:test.TestNG_3_MultiCred@702657cc]" started-at="2026-02-17T16:35:07 IST" name="loginTest" data-provider="loginData" finished-at="2026-02-17T16:35:14 IST" duration-ms="7156" status="PASS">
          <params>
            <param index="0">
              <value>
                <![CDATA[user2]]>
              </value>
            </param>
            <param index="1">
              <value>
                <![CDATA[pass2]]>
              </value>
            </param>
          </params>
          <reporter-output>
          </reporter-output>
        </test-method> <!-- loginTest -->
        <test-method signature="loginTest(java.lang.String,java.lang.String)[pri:0, instance:test.TestNG_3_MultiCred@702657cc]" started-at="2026-02-17T16:35:14 IST" name="loginTest" data-provider="loginData" finished-at="2026-02-17T16:35:28 IST" duration-ms="14066" status="PASS">
          <params>
            <param index="0">
              <value>
                <![CDATA[user3]]>
              </value>
            </param>
            <param index="1">
              <value>
                <![CDATA[pass3]]>
              </value>
            </param>
          </params>
          <reporter-output>
          </reporter-output>
        </test-method> <!-- loginTest -->
        <test-method signature="loginTest(java.lang.String,java.lang.String)[pri:0, instance:test.TestNG_3_MultiCred@702657cc]" started-at="2026-02-17T16:35:28 IST" name="loginTest" data-provider="loginData" finished-at="2026-02-17T16:35:46 IST" duration-ms="17590" status="PASS">
          <params>
            <param index="0">
              <value>
                <![CDATA[student]]>
              </value>
            </param>
            <param index="1">
              <value>
                <![CDATA[Password123]]>
              </value>
            </param>
          </params>
          <reporter-output>
          </reporter-output>
        </test-method> <!-- loginTest -->
      </class> <!-- test.TestNG_3_MultiCred -->
    </test> <!-- Default test -->
  </suite> <!-- Default suite -->
</testng-results>
