<?xml version="1.0" encoding="UTF-8"?>
<testng-results ignored="0" total="3" passed="3" failed="0" skipped="0">
  <reporter-output>
  </reporter-output>
  <suite started-at="2026-03-02T12:41:17 IST" name="Default suite" finished-at="2026-03-02T12:41:17 IST" duration-ms="74">
    <groups>
    </groups>
    <test started-at="2026-03-02T12:41:17 IST" name="Default test" finished-at="2026-03-02T12:41:17 IST" duration-ms="74">
      <class name="test.TestNG_5_TestClass">
        <test-method signature="test1()[pri:0, instance:test.TestNG_5_TestClass@3d285d7e]" started-at="2026-03-02T12:41:17 IST" name="test1" finished-at="2026-03-02T12:41:17 IST" duration-ms="10" status="PASS">
          <reporter-output>
          </reporter-output>
        </test-method> <!-- test1 -->
        <test-method signature="test2()[pri:0, instance:test.TestNG_5_TestClass@3d285d7e]" started-at="2026-03-02T12:41:17 IST" name="test2" finished-at="2026-03-02T12:41:17 IST" duration-ms="2" status="PASS">
          <reporter-output>
          </reporter-output>
        </test-method> <!-- test2 -->
        <test-method signature="test3()[pri:0, instance:test.TestNG_5_TestClass@3d285d7e]" started-at="2026-03-02T12:41:17 IST" name="test3" finished-at="2026-03-02T12:41:17 IST" duration-ms="2" status="PASS">
          <reporter-output>
          </reporter-output>
        </test-method> <!-- test3 -->
      </class> <!-- test.TestNG_5_TestClass -->
    </test> <!-- Default test -->
  </suite> <!-- Default suite -->
</testng-results>
