<?xml version="1.0" encoding="UTF-8"?>
<!-- Generated by org.testng.reporters.JUnitReportReporter -->
<testsuite hostname="BT-2105309" failures="0" tests="5" name="testing.Test_8_Login" time="26.511" errors="0" timestamp="2026-02-18T11:07:36 IST" skipped="0">
  <testcase classname="testing.Test_8_Login" name="loginTest" time="3.028"/>
  <testcase classname="testing.Test_8_Login" name="loginTest" time="5.468"/>
  <testcase classname="testing.Test_8_Login" name="loginTest" time="3.020"/>
  <testcase classname="testing.Test_8_Login" name="loginTest" time="12.111"/>
  <testcase classname="testing.Test_8_Login" name="loginTest" time="2.884"/>
</testsuite> <!-- testing.Test_8_Login -->
