<?xml version="1.0" encoding="UTF-8"?>
<!-- Generated by org.testng.reporters.JUnitReportReporter -->
<testsuite hostname="BT-2105309" failures="0" tests="5" name="testing.Test_10_LoginTest" time="28.075" errors="0" timestamp="2026-02-18T12:37:49 IST" skipped="0">
  <testcase classname="testing.Test_10_LoginTest" name="loginTest" time="5.991"/>
  <testcase classname="testing.Test_10_LoginTest" name="loginTest" time="5.480"/>
  <testcase classname="testing.Test_10_LoginTest" name="loginTest" time="6.160"/>
  <testcase classname="testing.Test_10_LoginTest" name="loginTest" time="5.125"/>
  <testcase classname="testing.Test_10_LoginTest" name="loginTest" time="5.319"/>
</testsuite> <!-- testing.Test_10_LoginTest -->
