<?xml version="1.0" encoding="UTF-8"?>
<!-- Generated by org.testng.reporters.JUnitReportReporter -->
<testsuite hostname="BT-2105309" failures="0" tests="4" name="testing.Test_3_Demo" time="25.164" errors="0" timestamp="2026-02-16T18:27:05 IST" skipped="0">
  <testcase classname="testing.Test_3_Demo" name="addToCartTest" time="4.514"/>
  <testcase classname="testing.Test_3_Demo" name="checkoutTest" time="11.106"/>
  <testcase classname="testing.Test_3_Demo" name="removeFromCartTest" time="7.236"/>
  <testcase classname="testing.Test_3_Demo" name="loginTest" time="2.308"/>
</testsuite> <!-- testing.Test_3_Demo -->
