<?xml version="1.0" encoding="UTF-8"?>
<testng-results ignored="0" total="1" passed="1" failed="0" skipped="0">
  <reporter-output>
  </reporter-output>
  <suite started-at="2026-02-23T12:50:01 IST" name="Default suite" finished-at="2026-02-23T12:50:05 IST" duration-ms="3600">
    <groups>
    </groups>
    <test started-at="2026-02-23T12:50:01 IST" name="Default test" finished-at="2026-02-23T12:50:05 IST" duration-ms="3600">
      <class name="testing.Test_15_API_TEST_DEL">
        <test-method signature="deleteProductTest()[pri:0, instance:testing.Test_15_API_TEST_DEL@7c7a06ec]" started-at="2026-02-23T12:50:01 IST" name="deleteProductTest" finished-at="2026-02-23T12:50:05 IST" duration-ms="3528" status="PASS">
          <reporter-output>
          </reporter-output>
        </test-method> <!-- deleteProductTest -->
      </class> <!-- testing.Test_15_API_TEST_DEL -->
    </test> <!-- Default test -->
  </suite> <!-- Default suite -->
</testng-results>
