<?xml version="1.0" encoding="UTF-8"?>
<testng-results ignored="0" total="1" passed="1" failed="0" skipped="0">
  <reporter-output>
  </reporter-output>
  <suite started-at="2026-03-03T17:28:22 IST" name="Default suite" finished-at="2026-03-03T17:28:28 IST" duration-ms="6454">
    <groups>
    </groups>
    <test started-at="2026-03-03T17:28:22 IST" name="Default test" finished-at="2026-03-03T17:28:28 IST" duration-ms="6454">
      <class name="testing.Test_21_Extent_Report">
        <test-method is-config="true" signature="setupReport()[pri:0, instance:testing.Test_21_Extent_Report@7dc3712]" started-at="2026-03-03T17:28:22 IST" name="setupReport" finished-at="2026-03-03T17:28:22 IST" duration-ms="505" status="PASS">
          <reporter-output>
          </reporter-output>
        </test-method> <!-- setupReport -->
        <test-method is-config="true" signature="setup()[pri:0, instance:testing.Test_21_Extent_Report@7dc3712]" started-at="2026-03-03T17:28:22 IST" name="setup" finished-at="2026-03-03T17:28:27 IST" duration-ms="4786" status="PASS">
          <reporter-output>
          </reporter-output>
        </test-method> <!-- setup -->
        <test-method signature="verifyTitle()[pri:0, instance:testing.Test_21_Extent_Report@7dc3712]" started-at="2026-03-03T17:28:27 IST" name="verifyTitle" finished-at="2026-03-03T17:28:27 IST" duration-ms="99" status="PASS">
          <reporter-output>
          </reporter-output>
        </test-method> <!-- verifyTitle -->
        <test-method is-config="true" signature="tearDown()[pri:0, instance:testing.Test_21_Extent_Report@7dc3712]" started-at="2026-03-03T17:28:27 IST" name="tearDown" finished-at="2026-03-03T17:28:28 IST" duration-ms="822" status="PASS">
          <reporter-output>
          </reporter-output>
        </test-method> <!-- tearDown -->
      </class> <!-- testing.Test_21_Extent_Report -->
    </test> <!-- Default test -->
  </suite> <!-- Default suite -->
</testng-results>
