<?xml version="1.0" encoding="UTF-8"?>
<!-- Generated by org.testng.reporters.JUnitXMLReporter -->
<testsuite ignored="0" hostname="BT-2105309" failures="0" tests="3" name="Default test" time="0.074" errors="0" timestamp="2026-03-02T12:41:17 IST">
  <testcase classname="test.TestNG_5_TestClass" name="test1" time="0.01"/>
  <testcase classname="test.TestNG_5_TestClass" name="test2" time="0.002"/>
  <testcase classname="test.TestNG_5_TestClass" name="test3" time="0.002"/>
</testsuite> <!-- Default test -->
