<?xml version="1.0" encoding="UTF-8"?>
<!-- Generated by org.testng.reporters.JUnitReportReporter -->
<testsuite hostname="BT-2105309" failures="0" tests="4" name="testing.Test_20_Use_Case" time="16.516" errors="0" timestamp="2026-02-27T18:17:05 IST" skipped="0">
  <testcase classname="testing.Test_20_Use_Case" name="testLogin" time="3.175"/>
  <testcase classname="testing.Test_20_Use_Case" name="testLogin" time="7.002"/>
  <testcase classname="testing.Test_20_Use_Case" name="testLogin" time="3.127"/>
  <testcase classname="testing.Test_20_Use_Case" name="testLogin" time="3.212"/>
</testsuite> <!-- testing.Test_20_Use_Case -->
