<?xml version="1.0" encoding="UTF-8"?>
<!-- Generated by org.testng.reporters.JUnitReportReporter -->
<testsuite hostname="BT-2105309" failures="0" tests="3" name="testing.Test_16_Practice" time="16.002" errors="0" timestamp="2026-02-27T10:14:56 IST" skipped="0">
  <testcase classname="testing.Test_16_Practice" name="loginTest" time="10.281"/>
  <testcase classname="testing.Test_16_Practice" name="loginTest" time="2.862"/>
  <testcase classname="testing.Test_16_Practice" name="loginTest" time="2.859"/>
</testsuite> <!-- testing.Test_16_Practice -->
