<?xml version="1.0" encoding="UTF-8"?>
<!-- Generated by org.testng.reporters.JUnitXMLReporter -->
<testsuite ignored="0" hostname="BT-2105309" failures="0" tests="4" name="LoginTest" time="15.247" errors="0" timestamp="2026-02-27T16:04:11 IST">
  <testcase classname="testing.Test_20_Use_Case" name="testLogin" time="0.787"/>
  <testcase classname="testing.Test_20_Use_Case" name="testLogin" time="0.748"/>
  <testcase classname="testing.Test_20_Use_Case" name="testLogin" time="0.742"/>
  <testcase classname="testing.Test_20_Use_Case" name="testLogin" time="0.629"/>
</testsuite> <!-- LoginTest -->
