<?xml version="1.0" encoding="UTF-8"?>
<!-- Generated by org.testng.reporters.JUnitReportReporter -->
<testsuite hostname="BT-2105309" failures="0" tests="4" name="test.TestNG_3_MultiCred" time="47.180" errors="0" timestamp="2026-02-17T16:35:46 IST" skipped="0">
  <testcase classname="test.TestNG_3_MultiCred" name="loginTest" time="7.156"/>
  <testcase classname="test.TestNG_3_MultiCred" name="loginTest" time="14.066"/>
  <testcase classname="test.TestNG_3_MultiCred" name="loginTest" time="8.368"/>
  <testcase classname="test.TestNG_3_MultiCred" name="loginTest" time="17.590"/>
</testsuite> <!-- test.TestNG_3_MultiCred -->
